<?xml version="1.0" encoding="UTF-8"?>
<!-- Generated by org.testng.reporters.JUnitReportReporter -->
<testsuite hostname="FVFHXHU3Q6LR" failures="0" tests="1" name="com.sdet.testcases.SigninTC" time="26.671" errors="0" timestamp="2024-09-04T16:39:42 IST" skipped="0">
  <testcase classname="com.sdet.testcases.SigninTC" name="signInTC" time="26.671"/>
  <system-out/>
</testsuite> <!-- com.sdet.testcases.SigninTC -->
