<?xml version="1.0" encoding="UTF-8"?>
<!-- Generated by org.testng.reporters.JUnitReportReporter -->
<testsuite hostname="FVFHXHU3Q6LR" failures="0" tests="2" name="com.sdet.testcases.SigninTC" time="92.374" errors="0" timestamp="2024-04-17T12:11:29 IST" skipped="0">
  <testcase classname="com.sdet.testcases.SigninTC" name="signInTC" time="42.084"/>
  <testcase classname="com.sdet.testcases.SigninTC" name="addProductCart" time="50.290"/>
</testsuite> <!-- com.sdet.testcases.SigninTC -->
