<?xml version="1.0" encoding="UTF-8"?>
<!-- Generated by org.testng.reporters.JUnitReportReporter -->
<testsuite hostname="FVFHXHU3Q6LR" failures="0" tests="9" name="com.sdet.testcases.AddProductTC" time="143.817" errors="0" timestamp="2024-07-22T12:00:43 IST" skipped="0">
  <testcase classname="com.sdet.testcases.AddProductTC" name="validateAddProductCart" time="32.700"/>
  <testcase classname="com.sdet.testcases.AddProductTC" name="validateSelectProductTees" time="12.296"/>
  <testcase classname="com.sdet.testcases.AddProductTC" name="validateGoToCart" time="9.358"/>
  <testcase classname="com.sdet.testcases.AddProductTC" name="validateCartReview" time="26.114"/>
  <testcase classname="com.sdet.testcases.AddProductTC" name="validateProceedTOCheckout" time="32.121"/>
  <testcase classname="com.sdet.testcases.AddProductTC" name="validateShippingMehtod" time="3.272"/>
  <testcase classname="com.sdet.testcases.AddProductTC" name="validateAddAddress" time="2.080"/>
  <testcase classname="com.sdet.testcases.AddProductTC" name="validateApplyDiscount" time="7.186"/>
  <testcase classname="com.sdet.testcases.AddProductTC" name="validatePlaceOrder" time="18.690"/>
</testsuite> <!-- com.sdet.testcases.AddProductTC -->
