<?xml version="1.0" encoding="UTF-8"?>
<!-- Generated by org.testng.reporters.JUnitReportReporter -->
<testsuite hostname="FVFHXHU3Q6LR" failures="0" tests="2" name="com.sdet.testcases.MyOrderTC" time="18.290" errors="0" timestamp="2024-09-04T16:39:42 IST" skipped="0">
  <testcase classname="com.sdet.testcases.MyOrderTC" name="validateGoToMyAccount" time="5.297"/>
  <system-out/>
  <testcase classname="com.sdet.testcases.MyOrderTC" name="validateViewOrder" time="12.993"/>
  <system-out/>
</testsuite> <!-- com.sdet.testcases.MyOrderTC -->
