<?xml version="1.0" encoding="UTF-8"?>
<!-- Generated by org.testng.reporters.JUnitReportReporter -->
<testsuite hostname="FVFHXHU3Q6LR" failures="0" tests="1" name="com.sdet.testcases.SigninTC" time="9.152" errors="0" timestamp="2024-04-01T12:37:36 IST" skipped="0">
  <testcase classname="com.sdet.testcases.SigninTC" name="signInTC" time="9.152"/>
</testsuite> <!-- com.sdet.testcases.SigninTC -->
