<?xml version="1.0" encoding="UTF-8"?>
<!-- Generated by org.testng.reporters.JUnitReportReporter -->
<testsuite hostname="FVFHXHU3Q6LR" failures="0" tests="1" name="com.sdet.testcases.SigninTC" time="18.739" errors="0" timestamp="2024-07-19T16:08:41 IST" skipped="0">
  <testcase classname="com.sdet.testcases.SigninTC" name="signInTC" time="18.739"/>
</testsuite> <!-- com.sdet.testcases.SigninTC -->
