<?xml version="1.0" encoding="UTF-8"?>
<!-- Generated by org.testng.reporters.JUnitReportReporter -->
<testsuite hostname="FVFHXHU3Q6LR" failures="0" tests="2" name="com.sdet.testcases.MyOrderTC" time="16.900" errors="0" timestamp="2024-07-19T16:08:41 IST" skipped="0">
  <testcase classname="com.sdet.testcases.MyOrderTC" name="validateGoToMyAccount" time="8.686"/>
  <testcase classname="com.sdet.testcases.MyOrderTC" name="validateViewOrder" time="8.214"/>
</testsuite> <!-- com.sdet.testcases.MyOrderTC -->
