<?xml version="1.0" encoding="UTF-8"?>
<!-- Generated by org.testng.reporters.JUnitReportReporter -->
<testsuite hostname="FVFHXHU3Q6LR" failures="0" tests="1" name="com.sdet.testcases.SignOutTC" time="6.820" errors="0" timestamp="2024-09-04T16:39:42 IST" skipped="0">
  <testcase classname="com.sdet.testcases.SignOutTC" name="validateSignOut" time="6.820"/>
  <system-out/>
</testsuite> <!-- com.sdet.testcases.SignOutTC -->
