<?xml version="1.0" encoding="UTF-8"?>
<!-- Generated by org.testng.reporters.JUnitReportReporter -->
<testsuite hostname="DESKTOP-A0VOTMT" failures="0" tests="9" name="com.sdet.testcases.AddProductTC" time="61.922" errors="0" timestamp="2024-08-11T13:39:44 IST" skipped="0">
  <testcase classname="com.sdet.testcases.AddProductTC" name="validateAddProductCart" time="12.139"/>
  <testcase classname="com.sdet.testcases.AddProductTC" name="validateSelectProductTees" time="3.829"/>
  <testcase classname="com.sdet.testcases.AddProductTC" name="validateGoToCart" time="8.381"/>
  <testcase classname="com.sdet.testcases.AddProductTC" name="validateCartReview" time="4.528"/>
  <testcase classname="com.sdet.testcases.AddProductTC" name="validateProceedTOCheckout" time="11.954"/>
  <testcase classname="com.sdet.testcases.AddProductTC" name="validateShippingMehtod" time="1.734"/>
  <testcase classname="com.sdet.testcases.AddProductTC" name="validateAddAddress" time="2.038"/>
  <testcase classname="com.sdet.testcases.AddProductTC" name="validateApplyDiscount" time="5.493"/>
  <testcase classname="com.sdet.testcases.AddProductTC" name="validatePlaceOrder" time="11.826"/>
</testsuite> <!-- com.sdet.testcases.AddProductTC -->
