<?xml version="1.0" encoding="UTF-8"?>
<!-- Generated by org.testng.reporters.JUnitReportReporter -->
<testsuite hostname="DESKTOP-A0VOTMT" failures="0" tests="1" name="com.sdet.testcases.SigninTC" time="6.097" errors="0" timestamp="2024-08-11T13:39:44 IST" skipped="0">
  <testcase classname="com.sdet.testcases.SigninTC" name="signInTC" time="6.097"/>
</testsuite> <!-- com.sdet.testcases.SigninTC -->
