<?xml version="1.0" encoding="UTF-8"?>
<!-- Generated by org.testng.reporters.JUnitReportReporter -->
<testsuite hostname="DESKTOP-A0VOTMT" failures="0" tests="2" name="com.sdet.testcases.MyOrderTC" time="29.831" errors="0" timestamp="2024-08-11T13:39:44 IST" skipped="0">
  <testcase classname="com.sdet.testcases.MyOrderTC" name="validateGoToMyAccount" time="2.275"/>
  <testcase classname="com.sdet.testcases.MyOrderTC" name="validateViewOrder" time="27.556"/>
</testsuite> <!-- com.sdet.testcases.MyOrderTC -->
